Determining if the pthread_create exist failed with the following output:
Change Dir: /home/kouga/Documents/cpp/PakuVim/build/CMakeFiles/CMakeTmp

Run Build Command:"/usr/bin/make" "cmTC_37eed/fast"
/usr/bin/make -f CMakeFiles/cmTC_37eed.dir/build.make CMakeFiles/cmTC_37eed.dir/build
make[1]: ディレクトリ '/home/kouga/Documents/cpp/PakuVim/build/CMakeFiles/CMakeTmp' に入ります
Building C object CMakeFiles/cmTC_37eed.dir/CheckSymbolExists.c.o
/usr/bin/cc    -o CMakeFiles/cmTC_37eed.dir/CheckSymbolExists.c.o   -c /home/kouga/Documents/cpp/PakuVim/build/CMakeFiles/CMakeTmp/CheckSymbolExists.c
Linking C executable cmTC_37eed
/usr/bin/cmake -E cmake_link_script CMakeFiles/cmTC_37eed.dir/link.txt --verbose=1
/usr/bin/cc      -rdynamic CMakeFiles/cmTC_37eed.dir/CheckSymbolExists.c.o  -o cmTC_37eed 
CMakeFiles/cmTC_37eed.dir/CheckSymbolExists.c.o: 関数 `main' 内:
CheckSymbolExists.c:(.text+0x1b): `pthread_create' に対する定義されていない参照です
collect2: error: ld returned 1 exit status
CMakeFiles/cmTC_37eed.dir/build.make:97: recipe for target 'cmTC_37eed' failed
make[1]: *** [cmTC_37eed] Error 1
make[1]: ディレクトリ '/home/kouga/Documents/cpp/PakuVim/build/CMakeFiles/CMakeTmp' から出ます
Makefile:126: recipe for target 'cmTC_37eed/fast' failed
make: *** [cmTC_37eed/fast] Error 2

File /home/kouga/Documents/cpp/PakuVim/build/CMakeFiles/CMakeTmp/CheckSymbolExists.c:
/* */
#include <pthread.h>

int main(int argc, char** argv)
{
  (void)argv;
#ifndef pthread_create
  return ((int*)(&pthread_create))[argc];
#else
  (void)argc;
  return 0;
#endif
}

Determining if the function pthread_create exists in the pthreads failed with the following output:
Change Dir: /home/kouga/Documents/cpp/PakuVim/build/CMakeFiles/CMakeTmp

Run Build Command:"/usr/bin/make" "cmTC_18815/fast"
/usr/bin/make -f CMakeFiles/cmTC_18815.dir/build.make CMakeFiles/cmTC_18815.dir/build
make[1]: ディレクトリ '/home/kouga/Documents/cpp/PakuVim/build/CMakeFiles/CMakeTmp' に入ります
Building C object CMakeFiles/cmTC_18815.dir/CheckFunctionExists.c.o
/usr/bin/cc   -DCHECK_FUNCTION_EXISTS=pthread_create   -o CMakeFiles/cmTC_18815.dir/CheckFunctionExists.c.o   -c /usr/share/cmake-3.10/Modules/CheckFunctionExists.c
Linking C executable cmTC_18815
/usr/bin/cmake -E cmake_link_script CMakeFiles/cmTC_18815.dir/link.txt --verbose=1
/usr/bin/cc  -DCHECK_FUNCTION_EXISTS=pthread_create    -rdynamic CMakeFiles/cmTC_18815.dir/CheckFunctionExists.c.o  -o cmTC_18815 -lpthreads 
/usr/bin/x86_64-linux-gnu-ld: -lpthreads が見つかりません
collect2: error: ld returned 1 exit status
CMakeFiles/cmTC_18815.dir/build.make:97: recipe for target 'cmTC_18815' failed
make[1]: *** [cmTC_18815] Error 1
make[1]: ディレクトリ '/home/kouga/Documents/cpp/PakuVim/build/CMakeFiles/CMakeTmp' から出ます
Makefile:126: recipe for target 'cmTC_18815/fast' failed
make: *** [cmTC_18815/fast] Error 2


