Determining if the pthread_create exist failed with the following output:
Change Dir: /home/kouga/Documents/cpp/Basilico/neovim.cpp/build/CMakeFiles/CMakeTmp

Run Build Command:"/usr/bin/make" "cmTC_47bb9/fast"
/usr/bin/make -f CMakeFiles/cmTC_47bb9.dir/build.make CMakeFiles/cmTC_47bb9.dir/build
make[1]: ディレクトリ '/home/kouga/Documents/cpp/Basilico/neovim.cpp/build/CMakeFiles/CMakeTmp' に入ります
Building CXX object CMakeFiles/cmTC_47bb9.dir/CheckSymbolExists.cxx.o
/usr/bin/c++     -o CMakeFiles/cmTC_47bb9.dir/CheckSymbolExists.cxx.o -c /home/kouga/Documents/cpp/Basilico/neovim.cpp/build/CMakeFiles/CMakeTmp/CheckSymbolExists.cxx
Linking CXX executable cmTC_47bb9
/usr/bin/cmake -E cmake_link_script CMakeFiles/cmTC_47bb9.dir/link.txt --verbose=1
/usr/bin/c++       -rdynamic CMakeFiles/cmTC_47bb9.dir/CheckSymbolExists.cxx.o  -o cmTC_47bb9 
CMakeFiles/cmTC_47bb9.dir/CheckSymbolExists.cxx.o: 関数 `main' 内:
CheckSymbolExists.cxx:(.text+0x1b): `pthread_create' に対する定義されていない参照です
collect2: error: ld returned 1 exit status
CMakeFiles/cmTC_47bb9.dir/build.make:97: recipe for target 'cmTC_47bb9' failed
make[1]: *** [cmTC_47bb9] Error 1
make[1]: ディレクトリ '/home/kouga/Documents/cpp/Basilico/neovim.cpp/build/CMakeFiles/CMakeTmp' から出ます
Makefile:126: recipe for target 'cmTC_47bb9/fast' failed
make: *** [cmTC_47bb9/fast] Error 2

File /home/kouga/Documents/cpp/Basilico/neovim.cpp/build/CMakeFiles/CMakeTmp/CheckSymbolExists.cxx:
/* */
#include <pthread.h>

int main(int argc, char** argv)
{
  (void)argv;
#ifndef pthread_create
  return ((int*)(&pthread_create))[argc];
#else
  (void)argc;
  return 0;
#endif
}

Determining if the function pthread_create exists in the pthreads failed with the following output:
Change Dir: /home/kouga/Documents/cpp/Basilico/neovim.cpp/build/CMakeFiles/CMakeTmp

Run Build Command:"/usr/bin/make" "cmTC_602f7/fast"
/usr/bin/make -f CMakeFiles/cmTC_602f7.dir/build.make CMakeFiles/cmTC_602f7.dir/build
make[1]: ディレクトリ '/home/kouga/Documents/cpp/Basilico/neovim.cpp/build/CMakeFiles/CMakeTmp' に入ります
Building CXX object CMakeFiles/cmTC_602f7.dir/CheckFunctionExists.cxx.o
/usr/bin/c++    -DCHECK_FUNCTION_EXISTS=pthread_create   -o CMakeFiles/cmTC_602f7.dir/CheckFunctionExists.cxx.o -c /home/kouga/Documents/cpp/Basilico/neovim.cpp/build/CMakeFiles/CheckLibraryExists/CheckFunctionExists.cxx
Linking CXX executable cmTC_602f7
/usr/bin/cmake -E cmake_link_script CMakeFiles/cmTC_602f7.dir/link.txt --verbose=1
/usr/bin/c++   -DCHECK_FUNCTION_EXISTS=pthread_create    -rdynamic CMakeFiles/cmTC_602f7.dir/CheckFunctionExists.cxx.o  -o cmTC_602f7 -lpthreads 
/usr/bin/ld: -lpthreads が見つかりません
collect2: error: ld returned 1 exit status
CMakeFiles/cmTC_602f7.dir/build.make:97: recipe for target 'cmTC_602f7' failed
make[1]: *** [cmTC_602f7] Error 1
make[1]: ディレクトリ '/home/kouga/Documents/cpp/Basilico/neovim.cpp/build/CMakeFiles/CMakeTmp' から出ます
Makefile:126: recipe for target 'cmTC_602f7/fast' failed
make: *** [cmTC_602f7/fast] Error 2


